  imgui-SFML.cpp
D:\Projet cours\Visual Studio\hae_gp2\cours_6\libs\imgui-sfml\imgui-SFML.cpp(559,65): warning C4244: 'argument': conversion from 'const unsigned int' to 'float', possible loss of data
D:\Projet cours\Visual Studio\hae_gp2\cours_6\libs\imgui-sfml\imgui-SFML.cpp(559,47): warning C4244: 'argument': conversion from 'const unsigned int' to 'float', possible loss of data
D:\Projet cours\Visual Studio\hae_gp2\cours_6\libs\imgui-sfml\imgui-SFML.cpp(562,67): warning C4244: 'argument': conversion from 'const int' to 'float', possible loss of data
D:\Projet cours\Visual Studio\hae_gp2\cours_6\libs\imgui-sfml\imgui-SFML.cpp(562,48): warning C4244: 'argument': conversion from 'const int' to 'float', possible loss of data
  imgui.cpp
  imgui_demo.cpp
  imgui_draw.cpp
  imgui_tables.cpp
  imgui_widgets.cpp
  main.cpp
D:\Projet cours\Visual Studio\hae_gp2\cours_6\Catmull.hpp(30,11): warning C4244: 'argument': conversion from 'double' to 'T', possible loss of data
          with
          [
              T=float
          ]
D:\Projet cours\Visual Studio\hae_gp2\cours_6\Catmull.hpp(29,11): warning C4244: 'argument': conversion from 'double' to 'T', possible loss of data
          with
          [
              T=float
          ]
D:\Projet cours\Visual Studio\hae_gp2\cours_6\main.cpp(68,52): warning C4244: 'argument': conversion from 'float' to 'unsigned int', possible loss of data
D:\Projet cours\Visual Studio\hae_gp2\cours_6\main.cpp(68,43): warning C4244: 'argument': conversion from 'float' to 'unsigned int', possible loss of data
  Lib.cpp
  Turtle.cpp
  Generating code
  Previous IPDB not found, fall back to full compilation.
  All 2547 functions were compiled because no usable IPDB/IOBJ from previous compilation was found.
  Finished generating code
  cours_0.vcxproj -> D:\Projet cours\Visual Studio\hae_gp2\cours_6\x64\Release\cours_0.exe
