  Button.cpp
D:\Projet cours\Visual Studio\hae_gp2\Shape\Player.hpp(46,98): warning C4244: 'argument': conversion from 'float' to 'sf::Uint8', possible loss of data
D:\Projet cours\Visual Studio\hae_gp2\Shape\Player.hpp(46,75): warning C4244: 'argument': conversion from 'float' to 'sf::Uint8', possible loss of data
D:\Projet cours\Visual Studio\hae_gp2\Shape\Player.hpp(46,52): warning C4244: 'argument': conversion from 'float' to 'sf::Uint8', possible loss of data
D:\Projet cours\Visual Studio\hae_gp2\Shape\Enemy.hpp(37,31): warning C4244: 'argument': conversion from 'double' to 'float', possible loss of data
D:\Projet cours\Visual Studio\hae_gp2\Shape\Enemy.hpp(41,54): warning C4244: 'argument': conversion from 'float' to 'sf::Uint8', possible loss of data
D:\Projet cours\Visual Studio\hae_gp2\Shape\Enemy.hpp(41,46): warning C4244: 'argument': conversion from 'float' to 'sf::Uint8', possible loss of data
D:\Projet cours\Visual Studio\hae_gp2\Shape\Enemy.hpp(41,40): warning C4244: 'argument': conversion from 'float' to 'sf::Uint8', possible loss of data
D:\Projet cours\Visual Studio\hae_gp2\Shape\Enemy.hpp(41,32): warning C4244: 'argument': conversion from 'float' to 'sf::Uint8', possible loss of data
D:\Projet cours\Visual Studio\hae_gp2\Shape\Button.hpp(40,25): warning C4244: 'argument': conversion from 'float' to 'unsigned int', possible loss of data
D:\Projet cours\Visual Studio\hae_gp2\Shape\Button.cpp(14,103): warning C4244: 'argument': conversion from 'float' to 'sf::Uint8', possible loss of data
D:\Projet cours\Visual Studio\hae_gp2\Shape\Button.cpp(14,76): warning C4244: 'argument': conversion from 'float' to 'sf::Uint8', possible loss of data
D:\Projet cours\Visual Studio\hae_gp2\Shape\Button.cpp(14,49): warning C4244: 'argument': conversion from 'float' to 'sf::Uint8', possible loss of data
D:\Projet cours\Visual Studio\hae_gp2\Shape\Button.cpp(19,105): warning C4244: 'argument': conversion from 'float' to 'sf::Uint8', possible loss of data
D:\Projet cours\Visual Studio\hae_gp2\Shape\Button.cpp(19,77): warning C4244: 'argument': conversion from 'float' to 'sf::Uint8', possible loss of data
D:\Projet cours\Visual Studio\hae_gp2\Shape\Button.cpp(19,49): warning C4244: 'argument': conversion from 'float' to 'sf::Uint8', possible loss of data
D:\Projet cours\Visual Studio\hae_gp2\Shape\Button.cpp(23,95): warning C4244: 'argument': conversion from 'float' to 'sf::Uint8', possible loss of data
D:\Projet cours\Visual Studio\hae_gp2\Shape\Button.cpp(23,70): warning C4244: 'argument': conversion from 'float' to 'sf::Uint8', possible loss of data
D:\Projet cours\Visual Studio\hae_gp2\Shape\Button.cpp(23,45): warning C4244: 'argument': conversion from 'float' to 'sf::Uint8', possible loss of data
D:\Projet cours\Visual Studio\hae_gp2\Shape\Button.cpp(31,89): warning C4244: 'argument': conversion from 'float' to 'sf::Uint8', possible loss of data
D:\Projet cours\Visual Studio\hae_gp2\Shape\Button.cpp(31,66): warning C4244: 'argument': conversion from 'float' to 'sf::Uint8', possible loss of data
D:\Projet cours\Visual Studio\hae_gp2\Shape\Button.cpp(31,43): warning C4244: 'argument': conversion from 'float' to 'sf::Uint8', possible loss of data
D:\Projet cours\Visual Studio\hae_gp2\Shape\Button.cpp(45,24): warning C4244: 'argument': conversion from 'float' to 'unsigned int', possible loss of data
  ConsoleApplication.cpp
D:\Projet cours\Visual Studio\hae_gp2\Shape\Button.hpp(40,25): warning C4244: 'argument': conversion from 'float' to 'unsigned int', possible loss of data
D:\Projet cours\Visual Studio\hae_gp2\Shape\Player.hpp(46,98): warning C4244: 'argument': conversion from 'float' to 'sf::Uint8', possible loss of data
D:\Projet cours\Visual Studio\hae_gp2\Shape\Player.hpp(46,75): warning C4244: 'argument': conversion from 'float' to 'sf::Uint8', possible loss of data
D:\Projet cours\Visual Studio\hae_gp2\Shape\Player.hpp(46,52): warning C4244: 'argument': conversion from 'float' to 'sf::Uint8', possible loss of data
D:\Projet cours\Visual Studio\hae_gp2\Shape\Enemy.hpp(37,31): warning C4244: 'argument': conversion from 'double' to 'float', possible loss of data
D:\Projet cours\Visual Studio\hae_gp2\Shape\Enemy.hpp(41,54): warning C4244: 'argument': conversion from 'float' to 'sf::Uint8', possible loss of data
D:\Projet cours\Visual Studio\hae_gp2\Shape\Enemy.hpp(41,46): warning C4244: 'argument': conversion from 'float' to 'sf::Uint8', possible loss of data
D:\Projet cours\Visual Studio\hae_gp2\Shape\Enemy.hpp(41,40): warning C4244: 'argument': conversion from 'float' to 'sf::Uint8', possible loss of data
D:\Projet cours\Visual Studio\hae_gp2\Shape\Enemy.hpp(41,32): warning C4244: 'argument': conversion from 'float' to 'sf::Uint8', possible loss of data
D:\Projet cours\Visual Studio\hae_gp2\Shape\ConsoleApplication.cpp(43,59): warning C4244: 'argument': conversion from 'const float' to 'unsigned int', possible loss of data
D:\Projet cours\Visual Studio\hae_gp2\Shape\ConsoleApplication.cpp(43,46): warning C4244: 'argument': conversion from 'const float' to 'unsigned int', possible loss of data
D:\Projet cours\Visual Studio\hae_gp2\Shape\ConsoleApplication.cpp(61,38): warning C4305: 'argument': truncation from 'double' to 'T'
          with
          [
              T=float
          ]
  Data.cpp
D:\Projet cours\Visual Studio\hae_gp2\Shape\Player.hpp(46,98): warning C4244: 'argument': conversion from 'float' to 'sf::Uint8', possible loss of data
D:\Projet cours\Visual Studio\hae_gp2\Shape\Player.hpp(46,75): warning C4244: 'argument': conversion from 'float' to 'sf::Uint8', possible loss of data
D:\Projet cours\Visual Studio\hae_gp2\Shape\Player.hpp(46,52): warning C4244: 'argument': conversion from 'float' to 'sf::Uint8', possible loss of data
D:\Projet cours\Visual Studio\hae_gp2\Shape\Button.hpp(40,25): warning C4244: 'argument': conversion from 'float' to 'unsigned int', possible loss of data
D:\Projet cours\Visual Studio\hae_gp2\Shape\Enemy.hpp(37,31): warning C4244: 'argument': conversion from 'double' to 'float', possible loss of data
D:\Projet cours\Visual Studio\hae_gp2\Shape\Enemy.hpp(41,54): warning C4244: 'argument': conversion from 'float' to 'sf::Uint8', possible loss of data
D:\Projet cours\Visual Studio\hae_gp2\Shape\Enemy.hpp(41,46): warning C4244: 'argument': conversion from 'float' to 'sf::Uint8', possible loss of data
D:\Projet cours\Visual Studio\hae_gp2\Shape\Enemy.hpp(41,40): warning C4244: 'argument': conversion from 'float' to 'sf::Uint8', possible loss of data
D:\Projet cours\Visual Studio\hae_gp2\Shape\Enemy.hpp(41,32): warning C4244: 'argument': conversion from 'float' to 'sf::Uint8', possible loss of data
  Enemy.cpp
D:\Projet cours\Visual Studio\hae_gp2\Shape\Button.hpp(40,25): warning C4244: 'argument': conversion from 'float' to 'unsigned int', possible loss of data
D:\Projet cours\Visual Studio\hae_gp2\Shape\Player.hpp(46,98): warning C4244: 'argument': conversion from 'float' to 'sf::Uint8', possible loss of data
D:\Projet cours\Visual Studio\hae_gp2\Shape\Player.hpp(46,75): warning C4244: 'argument': conversion from 'float' to 'sf::Uint8', possible loss of data
D:\Projet cours\Visual Studio\hae_gp2\Shape\Player.hpp(46,52): warning C4244: 'argument': conversion from 'float' to 'sf::Uint8', possible loss of data
D:\Projet cours\Visual Studio\hae_gp2\Shape\Enemy.hpp(37,31): warning C4244: 'argument': conversion from 'double' to 'float', possible loss of data
D:\Projet cours\Visual Studio\hae_gp2\Shape\Enemy.hpp(41,54): warning C4244: 'argument': conversion from 'float' to 'sf::Uint8', possible loss of data
D:\Projet cours\Visual Studio\hae_gp2\Shape\Enemy.hpp(41,46): warning C4244: 'argument': conversion from 'float' to 'sf::Uint8', possible loss of data
D:\Projet cours\Visual Studio\hae_gp2\Shape\Enemy.hpp(41,40): warning C4244: 'argument': conversion from 'float' to 'sf::Uint8', possible loss of data
D:\Projet cours\Visual Studio\hae_gp2\Shape\Enemy.hpp(41,32): warning C4244: 'argument': conversion from 'float' to 'sf::Uint8', possible loss of data
D:\Projet cours\Visual Studio\hae_gp2\Shape\Enemy.cpp(14,22): warning C4305: '-=': truncation from 'double' to 'float'
D:\Projet cours\Visual Studio\hae_gp2\Shape\Enemy.cpp(21,36): warning C4244: 'argument': conversion from 'float' to 'sf::Uint8', possible loss of data
D:\Projet cours\Visual Studio\hae_gp2\Shape\Enemy.cpp(21,28): warning C4244: 'argument': conversion from 'float' to 'sf::Uint8', possible loss of data
D:\Projet cours\Visual Studio\hae_gp2\Shape\Enemy.cpp(21,22): warning C4244: 'argument': conversion from 'float' to 'sf::Uint8', possible loss of data
D:\Projet cours\Visual Studio\hae_gp2\Shape\Enemy.cpp(21,14): warning C4244: 'argument': conversion from 'float' to 'sf::Uint8', possible loss of data
  EnemySpawner.cpp
D:\Projet cours\Visual Studio\hae_gp2\Shape\Button.hpp(40,25): warning C4244: 'argument': conversion from 'float' to 'unsigned int', possible loss of data
D:\Projet cours\Visual Studio\hae_gp2\Shape\Player.hpp(46,98): warning C4244: 'argument': conversion from 'float' to 'sf::Uint8', possible loss of data
D:\Projet cours\Visual Studio\hae_gp2\Shape\Player.hpp(46,75): warning C4244: 'argument': conversion from 'float' to 'sf::Uint8', possible loss of data
D:\Projet cours\Visual Studio\hae_gp2\Shape\Player.hpp(46,52): warning C4244: 'argument': conversion from 'float' to 'sf::Uint8', possible loss of data
D:\Projet cours\Visual Studio\hae_gp2\Shape\Enemy.hpp(37,31): warning C4244: 'argument': conversion from 'double' to 'float', possible loss of data
D:\Projet cours\Visual Studio\hae_gp2\Shape\Enemy.hpp(41,54): warning C4244: 'argument': conversion from 'float' to 'sf::Uint8', possible loss of data
D:\Projet cours\Visual Studio\hae_gp2\Shape\Enemy.hpp(41,46): warning C4244: 'argument': conversion from 'float' to 'sf::Uint8', possible loss of data
D:\Projet cours\Visual Studio\hae_gp2\Shape\Enemy.hpp(41,40): warning C4244: 'argument': conversion from 'float' to 'sf::Uint8', possible loss of data
D:\Projet cours\Visual Studio\hae_gp2\Shape\Enemy.hpp(41,32): warning C4244: 'argument': conversion from 'float' to 'sf::Uint8', possible loss of data
  Entities.cpp
D:\Projet cours\Visual Studio\hae_gp2\Shape\Button.hpp(40,25): warning C4244: 'argument': conversion from 'float' to 'unsigned int', possible loss of data
D:\Projet cours\Visual Studio\hae_gp2\Shape\Player.hpp(46,98): warning C4244: 'argument': conversion from 'float' to 'sf::Uint8', possible loss of data
D:\Projet cours\Visual Studio\hae_gp2\Shape\Player.hpp(46,75): warning C4244: 'argument': conversion from 'float' to 'sf::Uint8', possible loss of data
D:\Projet cours\Visual Studio\hae_gp2\Shape\Player.hpp(46,52): warning C4244: 'argument': conversion from 'float' to 'sf::Uint8', possible loss of data
D:\Projet cours\Visual Studio\hae_gp2\Shape\Enemy.hpp(37,31): warning C4244: 'argument': conversion from 'double' to 'float', possible loss of data
D:\Projet cours\Visual Studio\hae_gp2\Shape\Enemy.hpp(41,54): warning C4244: 'argument': conversion from 'float' to 'sf::Uint8', possible loss of data
D:\Projet cours\Visual Studio\hae_gp2\Shape\Enemy.hpp(41,46): warning C4244: 'argument': conversion from 'float' to 'sf::Uint8', possible loss of data
D:\Projet cours\Visual Studio\hae_gp2\Shape\Enemy.hpp(41,40): warning C4244: 'argument': conversion from 'float' to 'sf::Uint8', possible loss of data
D:\Projet cours\Visual Studio\hae_gp2\Shape\Enemy.hpp(41,32): warning C4244: 'argument': conversion from 'float' to 'sf::Uint8', possible loss of data
D:\Projet cours\Visual Studio\hae_gp2\Shape\Entities.cpp(19,19): warning C4244: '=': conversion from 'float' to 'int', possible loss of data
D:\Projet cours\Visual Studio\hae_gp2\Shape\Entities.cpp(20,19): warning C4244: '=': conversion from 'float' to 'int', possible loss of data
D:\Projet cours\Visual Studio\hae_gp2\Shape\Entities.cpp(25,23): warning C4244: '=': conversion from 'int' to 'float', possible loss of data
D:\Projet cours\Visual Studio\hae_gp2\Shape\Entities.cpp(26,23): warning C4244: '=': conversion from 'int' to 'float', possible loss of data
D:\Projet cours\Visual Studio\hae_gp2\Shape\Entities.cpp(62,23): warning C4244: '=': conversion from 'int' to 'float', possible loss of data
D:\Projet cours\Visual Studio\hae_gp2\Shape\Entities.cpp(63,23): warning C4244: '=': conversion from 'int' to 'float', possible loss of data
  Fragment.cpp
D:\Projet cours\Visual Studio\hae_gp2\Shape\Button.hpp(40,25): warning C4244: 'argument': conversion from 'float' to 'unsigned int', possible loss of data
D:\Projet cours\Visual Studio\hae_gp2\Shape\Player.hpp(46,98): warning C4244: 'argument': conversion from 'float' to 'sf::Uint8', possible loss of data
D:\Projet cours\Visual Studio\hae_gp2\Shape\Player.hpp(46,75): warning C4244: 'argument': conversion from 'float' to 'sf::Uint8', possible loss of data
D:\Projet cours\Visual Studio\hae_gp2\Shape\Player.hpp(46,52): warning C4244: 'argument': conversion from 'float' to 'sf::Uint8', possible loss of data
D:\Projet cours\Visual Studio\hae_gp2\Shape\Enemy.hpp(37,31): warning C4244: 'argument': conversion from 'double' to 'float', possible loss of data
D:\Projet cours\Visual Studio\hae_gp2\Shape\Enemy.hpp(41,54): warning C4244: 'argument': conversion from 'float' to 'sf::Uint8', possible loss of data
D:\Projet cours\Visual Studio\hae_gp2\Shape\Enemy.hpp(41,46): warning C4244: 'argument': conversion from 'float' to 'sf::Uint8', possible loss of data
D:\Projet cours\Visual Studio\hae_gp2\Shape\Enemy.hpp(41,40): warning C4244: 'argument': conversion from 'float' to 'sf::Uint8', possible loss of data
D:\Projet cours\Visual Studio\hae_gp2\Shape\Enemy.hpp(41,32): warning C4244: 'argument': conversion from 'float' to 'sf::Uint8', possible loss of data
  Player.cpp
D:\Projet cours\Visual Studio\hae_gp2\Shape\Button.hpp(40,25): warning C4244: 'argument': conversion from 'float' to 'unsigned int', possible loss of data
D:\Projet cours\Visual Studio\hae_gp2\Shape\Enemy.hpp(37,31): warning C4244: 'argument': conversion from 'double' to 'float', possible loss of data
D:\Projet cours\Visual Studio\hae_gp2\Shape\Enemy.hpp(41,54): warning C4244: 'argument': conversion from 'float' to 'sf::Uint8', possible loss of data
D:\Projet cours\Visual Studio\hae_gp2\Shape\Enemy.hpp(41,46): warning C4244: 'argument': conversion from 'float' to 'sf::Uint8', possible loss of data
D:\Projet cours\Visual Studio\hae_gp2\Shape\Enemy.hpp(41,40): warning C4244: 'argument': conversion from 'float' to 'sf::Uint8', possible loss of data
D:\Projet cours\Visual Studio\hae_gp2\Shape\Enemy.hpp(41,32): warning C4244: 'argument': conversion from 'float' to 'sf::Uint8', possible loss of data
D:\Projet cours\Visual Studio\hae_gp2\Shape\Player.hpp(46,98): warning C4244: 'argument': conversion from 'float' to 'sf::Uint8', possible loss of data
D:\Projet cours\Visual Studio\hae_gp2\Shape\Player.hpp(46,75): warning C4244: 'argument': conversion from 'float' to 'sf::Uint8', possible loss of data
D:\Projet cours\Visual Studio\hae_gp2\Shape\Player.hpp(46,52): warning C4244: 'argument': conversion from 'float' to 'sf::Uint8', possible loss of data
D:\Projet cours\Visual Studio\hae_gp2\Shape\Player.cpp(15,45): warning C4305: 'argument': truncation from 'double' to 'float'
D:\Projet cours\Visual Studio\hae_gp2\Shape\Player.cpp(42,10): warning C4804: '-': unsafe use of type 'bool' in operation
D:\Projet cours\Visual Studio\hae_gp2\Shape\Player.cpp(42,60): warning C4804: '-': unsafe use of type 'bool' in operation
D:\Projet cours\Visual Studio\hae_gp2\Shape\Player.cpp(44,10): warning C4804: '-': unsafe use of type 'bool' in operation
D:\Projet cours\Visual Studio\hae_gp2\Shape\Player.cpp(44,58): warning C4804: '-': unsafe use of type 'bool' in operation
D:\Projet cours\Visual Studio\hae_gp2\Shape\Player.cpp(51,22): warning C4244: 'argument': conversion from 'int' to 'T', possible loss of data
          with
          [
              T=float
          ]
D:\Projet cours\Visual Studio\hae_gp2\Shape\Player.cpp(51,19): warning C4244: 'argument': conversion from 'int' to 'T', possible loss of data
          with
          [
              T=float
          ]
D:\Projet cours\Visual Studio\hae_gp2\Shape\Player.cpp(63,17): warning C4305: '*=': truncation from 'double' to 'float'
D:\Projet cours\Visual Studio\hae_gp2\Shape\Player.cpp(64,17): warning C4305: '*=': truncation from 'double' to 'float'
D:\Projet cours\Visual Studio\hae_gp2\Shape\Player.cpp(105,7): warning C4244: '=': conversion from 'float' to 'int', possible loss of data
D:\Projet cours\Visual Studio\hae_gp2\Shape\Player.cpp(109,7): warning C4244: '=': conversion from 'float' to 'int', possible loss of data
D:\Projet cours\Visual Studio\hae_gp2\Shape\Player.cpp(124,37): warning C4244: 'argument': conversion from 'double' to 'float', possible loss of data
D:\Projet cours\Visual Studio\hae_gp2\Shape\Player.cpp(128,23): warning C4305: '-=': truncation from 'double' to 'float'
D:\Projet cours\Visual Studio\hae_gp2\Shape\Player.cpp(139,76): warning C4244: 'argument': conversion from 'float' to 'sf::Uint8', possible loss of data
D:\Projet cours\Visual Studio\hae_gp2\Shape\Player.cpp(139,53): warning C4244: 'argument': conversion from 'float' to 'sf::Uint8', possible loss of data
D:\Projet cours\Visual Studio\hae_gp2\Shape\Player.cpp(139,30): warning C4244: 'argument': conversion from 'float' to 'sf::Uint8', possible loss of data
D:\Projet cours\Visual Studio\hae_gp2\Shape\Player.cpp(149,33): warning C4244: 'argument': conversion from 'double' to 'float', possible loss of data
D:\Projet cours\Visual Studio\hae_gp2\Shape\Player.cpp(150,76): warning C4244: 'argument': conversion from 'float' to 'sf::Uint8', possible loss of data
D:\Projet cours\Visual Studio\hae_gp2\Shape\Player.cpp(150,53): warning C4244: 'argument': conversion from 'float' to 'sf::Uint8', possible loss of data
D:\Projet cours\Visual Studio\hae_gp2\Shape\Player.cpp(150,30): warning C4244: 'argument': conversion from 'float' to 'sf::Uint8', possible loss of data
D:\Projet cours\Visual Studio\hae_gp2\Shape\Player.cpp(161,75): warning C4244: 'argument': conversion from 'float' to 'sf::Uint8', possible loss of data
D:\Projet cours\Visual Studio\hae_gp2\Shape\Player.cpp(161,52): warning C4244: 'argument': conversion from 'float' to 'sf::Uint8', possible loss of data
D:\Projet cours\Visual Studio\hae_gp2\Shape\Player.cpp(161,29): warning C4244: 'argument': conversion from 'float' to 'sf::Uint8', possible loss of data
D:\Projet cours\Visual Studio\hae_gp2\Shape\Player.cpp(168,75): warning C4244: 'argument': conversion from 'float' to 'sf::Uint8', possible loss of data
D:\Projet cours\Visual Studio\hae_gp2\Shape\Player.cpp(168,52): warning C4244: 'argument': conversion from 'float' to 'sf::Uint8', possible loss of data
D:\Projet cours\Visual Studio\hae_gp2\Shape\Player.cpp(168,29): warning C4244: 'argument': conversion from 'float' to 'sf::Uint8', possible loss of data
  Projectile.cpp
D:\Projet cours\Visual Studio\hae_gp2\Shape\Button.hpp(40,25): warning C4244: 'argument': conversion from 'float' to 'unsigned int', possible loss of data
D:\Projet cours\Visual Studio\hae_gp2\Shape\Player.hpp(46,98): warning C4244: 'argument': conversion from 'float' to 'sf::Uint8', possible loss of data
D:\Projet cours\Visual Studio\hae_gp2\Shape\Player.hpp(46,75): warning C4244: 'argument': conversion from 'float' to 'sf::Uint8', possible loss of data
D:\Projet cours\Visual Studio\hae_gp2\Shape\Player.hpp(46,52): warning C4244: 'argument': conversion from 'float' to 'sf::Uint8', possible loss of data
D:\Projet cours\Visual Studio\hae_gp2\Shape\Enemy.hpp(37,31): warning C4244: 'argument': conversion from 'double' to 'float', possible loss of data
D:\Projet cours\Visual Studio\hae_gp2\Shape\Enemy.hpp(41,54): warning C4244: 'argument': conversion from 'float' to 'sf::Uint8', possible loss of data
D:\Projet cours\Visual Studio\hae_gp2\Shape\Enemy.hpp(41,46): warning C4244: 'argument': conversion from 'float' to 'sf::Uint8', possible loss of data
D:\Projet cours\Visual Studio\hae_gp2\Shape\Enemy.hpp(41,40): warning C4244: 'argument': conversion from 'float' to 'sf::Uint8', possible loss of data
D:\Projet cours\Visual Studio\hae_gp2\Shape\Enemy.hpp(41,32): warning C4244: 'argument': conversion from 'float' to 'sf::Uint8', possible loss of data
  UI.cpp
D:\Projet cours\Visual Studio\hae_gp2\Shape\Player.hpp(46,98): warning C4244: 'argument': conversion from 'float' to 'sf::Uint8', possible loss of data
D:\Projet cours\Visual Studio\hae_gp2\Shape\Player.hpp(46,75): warning C4244: 'argument': conversion from 'float' to 'sf::Uint8', possible loss of data
D:\Projet cours\Visual Studio\hae_gp2\Shape\Player.hpp(46,52): warning C4244: 'argument': conversion from 'float' to 'sf::Uint8', possible loss of data
D:\Projet cours\Visual Studio\hae_gp2\Shape\Button.hpp(40,25): warning C4244: 'argument': conversion from 'float' to 'unsigned int', possible loss of data
D:\Projet cours\Visual Studio\hae_gp2\Shape\Enemy.hpp(37,31): warning C4244: 'argument': conversion from 'double' to 'float', possible loss of data
D:\Projet cours\Visual Studio\hae_gp2\Shape\Enemy.hpp(41,54): warning C4244: 'argument': conversion from 'float' to 'sf::Uint8', possible loss of data
D:\Projet cours\Visual Studio\hae_gp2\Shape\Enemy.hpp(41,46): warning C4244: 'argument': conversion from 'float' to 'sf::Uint8', possible loss of data
D:\Projet cours\Visual Studio\hae_gp2\Shape\Enemy.hpp(41,40): warning C4244: 'argument': conversion from 'float' to 'sf::Uint8', possible loss of data
D:\Projet cours\Visual Studio\hae_gp2\Shape\Enemy.hpp(41,32): warning C4244: 'argument': conversion from 'float' to 'sf::Uint8', possible loss of data
  UiElement.cpp
D:\Projet cours\Visual Studio\hae_gp2\Shape\UiElement.cpp(9,19): warning C4244: '=': conversion from 'float' to 'int', possible loss of data
D:\Projet cours\Visual Studio\hae_gp2\Shape\UiElement.cpp(10,19): warning C4244: '=': conversion from 'float' to 'int', possible loss of data
D:\Projet cours\Visual Studio\hae_gp2\Shape\UiElement.cpp(15,23): warning C4244: '=': conversion from 'int' to 'float', possible loss of data
D:\Projet cours\Visual Studio\hae_gp2\Shape\UiElement.cpp(16,23): warning C4244: '=': conversion from 'int' to 'float', possible loss of data
D:\Projet cours\Visual Studio\hae_gp2\Shape\UiElement.cpp(46,23): warning C4244: '=': conversion from 'int' to 'float', possible loss of data
D:\Projet cours\Visual Studio\hae_gp2\Shape\UiElement.cpp(47,23): warning C4244: '=': conversion from 'int' to 'float', possible loss of data
  World.cpp
D:\Projet cours\Visual Studio\hae_gp2\Shape\Button.hpp(40,25): warning C4244: 'argument': conversion from 'float' to 'unsigned int', possible loss of data
D:\Projet cours\Visual Studio\hae_gp2\Shape\Player.hpp(46,98): warning C4244: 'argument': conversion from 'float' to 'sf::Uint8', possible loss of data
D:\Projet cours\Visual Studio\hae_gp2\Shape\Player.hpp(46,75): warning C4244: 'argument': conversion from 'float' to 'sf::Uint8', possible loss of data
D:\Projet cours\Visual Studio\hae_gp2\Shape\Player.hpp(46,52): warning C4244: 'argument': conversion from 'float' to 'sf::Uint8', possible loss of data
D:\Projet cours\Visual Studio\hae_gp2\Shape\Enemy.hpp(37,31): warning C4244: 'argument': conversion from 'double' to 'float', possible loss of data
D:\Projet cours\Visual Studio\hae_gp2\Shape\Enemy.hpp(41,54): warning C4244: 'argument': conversion from 'float' to 'sf::Uint8', possible loss of data
D:\Projet cours\Visual Studio\hae_gp2\Shape\Enemy.hpp(41,46): warning C4244: 'argument': conversion from 'float' to 'sf::Uint8', possible loss of data
D:\Projet cours\Visual Studio\hae_gp2\Shape\Enemy.hpp(41,40): warning C4244: 'argument': conversion from 'float' to 'sf::Uint8', possible loss of data
D:\Projet cours\Visual Studio\hae_gp2\Shape\Enemy.hpp(41,32): warning C4244: 'argument': conversion from 'float' to 'sf::Uint8', possible loss of data
  Generating code
  1038 of 2618 functions (39.6%) were compiled, the rest were copied from previous compilation.
    35 functions were new in current compilation
    206 functions had inline decision re-evaluated but remain unchanged
  Finished generating code
  ConsoleApplication1.vcxproj -> D:\Projet cours\Visual Studio\hae_gp2\Shape\x64\Release\ConsoleApplication1.exe
