  main.cpp
C:\Projet Human\hae_gp2\cours_4\Catmull.hpp(30,11): warning C4244: 'argument' : conversion de 'double' en 'T', perte possible de données
          with
          [
              T=float
          ]
C:\Projet Human\hae_gp2\cours_4\Catmull.hpp(29,11): warning C4244: 'argument' : conversion de 'double' en 'T', perte possible de données
          with
          [
              T=float
          ]
C:\Projet Human\hae_gp2\cours_4\Line.hpp(19,1): warning C4267: '=' : conversion de 'size_t' en 'int', perte possible de données
C:\Projet Human\hae_gp2\cours_4\Line.hpp(41,34): warning C4244: 'argument' : conversion de 'double' en 'const unsigned __int64', perte possible de données
C:\Projet Human\hae_gp2\cours_4\main.cpp(26,41): warning C4244: 'argument' : conversion de 'double' en 'float', perte possible de données
C:\Projet Human\hae_gp2\cours_4\main.cpp(101,37): warning C4244: '=' : conversion de 'int' en 'T', perte possible de données
          with
          [
              T=float
          ]
C:\Projet Human\hae_gp2\cours_4\main.cpp(109,64): warning C4244: '-=' : conversion de 'double' en 'float', perte possible de données
C:\Projet Human\hae_gp2\cours_4\main.cpp(110,66): warning C4244: '+=' : conversion de 'double' en 'float', perte possible de données
C:\Projet Human\hae_gp2\cours_4\main.cpp(121,20): warning C4244: 'argument' : conversion de 'double' en 'T', perte possible de données
          with
          [
              T=float
          ]
C:\Projet Human\hae_gp2\cours_4\main.cpp(120,20): warning C4244: 'argument' : conversion de 'double' en 'T', perte possible de données
          with
          [
              T=float
          ]
C:\Projet Human\hae_gp2\cours_4\main.cpp(125,26): warning C4244: 'argument' : conversion de 'double' en 'T', perte possible de données
          with
          [
              T=float
          ]
C:\Projet Human\hae_gp2\cours_4\main.cpp(124,20): warning C4244: 'argument' : conversion de 'double' en 'T', perte possible de données
          with
          [
              T=float
          ]
C:\Projet Human\hae_gp2\cours_4\main.cpp(128,20): warning C4244: 'argument' : conversion de 'double' en 'T', perte possible de données
          with
          [
              T=float
          ]
C:\Projet Human\hae_gp2\cours_4\main.cpp(150,46): warning C4305: 'argument' : troncation de 'double' à 'float'
C:\Projet Human\hae_gp2\cours_4\main.cpp(181,61): warning C4244: 'argument' : conversion de 'double' en 'float', perte possible de données
  Génération de code en cours
C:\Projet Human\hae_gp2\cours_4\main.cpp(201): warning C4715: 'testSFML' : les chemins de contrôle ne retournent pas tous une valeur
  3 of 415 functions ( 0.7%) were compiled, the rest were copied from previous compilation.
    0 functions were new in current compilation
    1 functions had inline decision re-evaluated but remain unchanged
  Fin de la génération du code
  cours_0.vcxproj -> C:\Projet Human\hae_gp2\cours_4\x64\Release\cours_0.exe
