  Dijkstra.cpp
D:\Projet cours\Visual Studio\hae_gp2\cours_10\Dijkstra.hpp(42,70): warning C4244: 'argument': conversion from 'int' to 'T', possible loss of data
          with
          [
              T=float
          ]
D:\Projet cours\Visual Studio\hae_gp2\cours_10\Dijkstra.hpp(42,46): warning C4244: 'argument': conversion from 'int' to 'T', possible loss of data
          with
          [
              T=float
          ]
D:\Projet cours\Visual Studio\hae_gp2\cours_10\Dijkstra.hpp(43,77): warning C4244: 'argument': conversion from 'int' to 'T', possible loss of data
          with
          [
              T=float
          ]
D:\Projet cours\Visual Studio\hae_gp2\cours_10\Dijkstra.hpp(43,53): warning C4244: 'argument': conversion from 'double' to 'T', possible loss of data
          with
          [
              T=float
          ]
D:\Projet cours\Visual Studio\hae_gp2\cours_10\Dijkstra.hpp(44,84): warning C4244: 'argument': conversion from 'double' to 'T', possible loss of data
          with
          [
              T=float
          ]
D:\Projet cours\Visual Studio\hae_gp2\cours_10\Dijkstra.hpp(44,53): warning C4244: 'argument': conversion from 'double' to 'T', possible loss of data
          with
          [
              T=float
          ]
D:\Projet cours\Visual Studio\hae_gp2\cours_10\Dijkstra.hpp(45,77): warning C4244: 'argument': conversion from 'double' to 'T', possible loss of data
          with
          [
              T=float
          ]
D:\Projet cours\Visual Studio\hae_gp2\cours_10\Dijkstra.hpp(45,46): warning C4244: 'argument': conversion from 'int' to 'T', possible loss of data
          with
          [
              T=float
          ]
D:\Projet cours\Visual Studio\hae_gp2\cours_10\Dijkstra.hpp(54,76): warning C4244: 'argument': conversion from 'int' to 'T', possible loss of data
          with
          [
              T=float
          ]
D:\Projet cours\Visual Studio\hae_gp2\cours_10\Dijkstra.hpp(54,52): warning C4244: 'argument': conversion from 'int' to 'T', possible loss of data
          with
          [
              T=float
          ]
D:\Projet cours\Visual Studio\hae_gp2\cours_10\Dijkstra.hpp(55,83): warning C4244: 'argument': conversion from 'int' to 'T', possible loss of data
          with
          [
              T=float
          ]
D:\Projet cours\Visual Studio\hae_gp2\cours_10\Dijkstra.hpp(55,59): warning C4244: 'argument': conversion from 'double' to 'T', possible loss of data
          with
          [
              T=float
          ]
D:\Projet cours\Visual Studio\hae_gp2\cours_10\Dijkstra.hpp(56,90): warning C4244: 'argument': conversion from 'double' to 'T', possible loss of data
          with
          [
              T=float
          ]
D:\Projet cours\Visual Studio\hae_gp2\cours_10\Dijkstra.hpp(56,59): warning C4244: 'argument': conversion from 'double' to 'T', possible loss of data
          with
          [
              T=float
          ]
D:\Projet cours\Visual Studio\hae_gp2\cours_10\Dijkstra.hpp(57,83): warning C4244: 'argument': conversion from 'double' to 'T', possible loss of data
          with
          [
              T=float
          ]
D:\Projet cours\Visual Studio\hae_gp2\cours_10\Dijkstra.hpp(57,52): warning C4244: 'argument': conversion from 'int' to 'T', possible loss of data
          with
          [
              T=float
          ]
D:\Projet cours\Visual Studio\hae_gp2\cours_10\Dijkstra.hpp(106,20): warning C4244: '=': conversion from 'double' to '_Ty', possible loss of data
          with
          [
              _Ty=float
          ]
D:\Projet cours\Visual Studio\hae_gp2\cours_10\Dijkstra.hpp(111,20): warning C4244: '=': conversion from 'double' to '_Ty', possible loss of data
          with
          [
              _Ty=float
          ]
D:\Projet cours\Visual Studio\hae_gp2\cours_10\Dijkstra.hpp(116,20): warning C4244: '=': conversion from 'double' to '_Ty', possible loss of data
          with
          [
              _Ty=float
          ]
D:\Projet cours\Visual Studio\hae_gp2\cours_10\Dijkstra.hpp(121,20): warning C4244: '=': conversion from 'double' to '_Ty', possible loss of data
          with
          [
              _Ty=float
          ]
  World.cpp
D:\Projet cours\Visual Studio\hae_gp2\cours_10\World.cpp(31,74): warning C4244: 'argument': conversion from 'int' to 'T', possible loss of data
          with
          [
              T=float
          ]
D:\Projet cours\Visual Studio\hae_gp2\cours_10\World.cpp(31,50): warning C4244: 'argument': conversion from 'int' to 'T', possible loss of data
          with
          [
              T=float
          ]
D:\Projet cours\Visual Studio\hae_gp2\cours_10\World.cpp(32,80): warning C4244: 'argument': conversion from 'int' to 'T', possible loss of data
          with
          [
              T=float
          ]
D:\Projet cours\Visual Studio\hae_gp2\cours_10\World.cpp(32,56): warning C4244: 'argument': conversion from 'int' to 'T', possible loss of data
          with
          [
              T=float
          ]
D:\Projet cours\Visual Studio\hae_gp2\cours_10\World.cpp(33,86): warning C4244: 'argument': conversion from 'int' to 'T', possible loss of data
          with
          [
              T=float
          ]
D:\Projet cours\Visual Studio\hae_gp2\cours_10\World.cpp(33,56): warning C4244: 'argument': conversion from 'int' to 'T', possible loss of data
          with
          [
              T=float
          ]
D:\Projet cours\Visual Studio\hae_gp2\cours_10\World.cpp(34,80): warning C4244: 'argument': conversion from 'int' to 'T', possible loss of data
          with
          [
              T=float
          ]
D:\Projet cours\Visual Studio\hae_gp2\cours_10\World.cpp(34,50): warning C4244: 'argument': conversion from 'int' to 'T', possible loss of data
          with
          [
              T=float
          ]
  Generating Code...
  cours_0.vcxproj -> D:\Projet cours\Visual Studio\hae_gp2\cours_10\x64\Debug\cours_0.exe
