  Background.cpp
D:\Projet cours\Visual Studio\hae_gp2\Shape\Background.cpp(7,45): warning C4244: 'argument': conversion from 'int' to 'T', possible loss of data
          with
          [
              T=float
          ]
  Bloom.cpp
D:\Projet cours\Visual Studio\hae_gp2\Shape\Bloom.cpp(68,33): warning C4267: 'initializing': conversion from 'size_t' to 'int', possible loss of data
D:\Projet cours\Visual Studio\hae_gp2\Shape\Bloom.cpp(84,33): warning C4267: 'initializing': conversion from 'size_t' to 'int', possible loss of data
  Button.cpp
D:\Projet cours\Visual Studio\hae_gp2\Shape\Lib.hpp(276,8): warning C4244: 'argument': conversion from 'float' to 'sf::Uint8', possible loss of data
D:\Projet cours\Visual Studio\hae_gp2\Shape\Lib.hpp(275,8): warning C4244: 'argument': conversion from 'float' to 'sf::Uint8', possible loss of data
D:\Projet cours\Visual Studio\hae_gp2\Shape\Lib.hpp(274,8): warning C4244: 'argument': conversion from 'float' to 'sf::Uint8', possible loss of data
D:\Projet cours\Visual Studio\hae_gp2\Shape\Lib.hpp(273,8): warning C4244: 'argument': conversion from 'float' to 'sf::Uint8', possible loss of data
D:\Projet cours\Visual Studio\hae_gp2\Shape\Particle.hpp(26,61): warning C4244: 'argument': conversion from 'double' to 'T', possible loss of data
          with
          [
              T=float
          ]
D:\Projet cours\Visual Studio\hae_gp2\Shape\Particle.hpp(26,34): warning C4244: 'argument': conversion from 'double' to 'T', possible loss of data
          with
          [
              T=float
          ]
D:\Projet cours\Visual Studio\hae_gp2\Shape\Enemy.hpp(39,31): warning C4244: 'argument': conversion from 'double' to 'float', possible loss of data
D:\Projet cours\Visual Studio\hae_gp2\Shape\Enemy.hpp(43,54): warning C4244: 'argument': conversion from 'float' to 'sf::Uint8', possible loss of data
D:\Projet cours\Visual Studio\hae_gp2\Shape\Enemy.hpp(43,46): warning C4244: 'argument': conversion from 'float' to 'sf::Uint8', possible loss of data
D:\Projet cours\Visual Studio\hae_gp2\Shape\Enemy.hpp(43,40): warning C4244: 'argument': conversion from 'float' to 'sf::Uint8', possible loss of data
D:\Projet cours\Visual Studio\hae_gp2\Shape\Enemy.hpp(43,32): warning C4244: 'argument': conversion from 'float' to 'sf::Uint8', possible loss of data
D:\Projet cours\Visual Studio\hae_gp2\Shape\Button.hpp(41,25): warning C4244: 'argument': conversion from 'float' to 'unsigned int', possible loss of data
D:\Projet cours\Visual Studio\hae_gp2\Shape\Button.cpp(19,103): warning C4244: 'argument': conversion from 'float' to 'sf::Uint8', possible loss of data
D:\Projet cours\Visual Studio\hae_gp2\Shape\Button.cpp(19,76): warning C4244: 'argument': conversion from 'float' to 'sf::Uint8', possible loss of data
D:\Projet cours\Visual Studio\hae_gp2\Shape\Button.cpp(19,49): warning C4244: 'argument': conversion from 'float' to 'sf::Uint8', possible loss of data
D:\Projet cours\Visual Studio\hae_gp2\Shape\Button.cpp(24,105): warning C4244: 'argument': conversion from 'float' to 'sf::Uint8', possible loss of data
D:\Projet cours\Visual Studio\hae_gp2\Shape\Button.cpp(24,77): warning C4244: 'argument': conversion from 'float' to 'sf::Uint8', possible loss of data
D:\Projet cours\Visual Studio\hae_gp2\Shape\Button.cpp(24,49): warning C4244: 'argument': conversion from 'float' to 'sf::Uint8', possible loss of data
D:\Projet cours\Visual Studio\hae_gp2\Shape\Button.cpp(28,95): warning C4244: 'argument': conversion from 'float' to 'sf::Uint8', possible loss of data
D:\Projet cours\Visual Studio\hae_gp2\Shape\Button.cpp(28,70): warning C4244: 'argument': conversion from 'float' to 'sf::Uint8', possible loss of data
D:\Projet cours\Visual Studio\hae_gp2\Shape\Button.cpp(28,45): warning C4244: 'argument': conversion from 'float' to 'sf::Uint8', possible loss of data
D:\Projet cours\Visual Studio\hae_gp2\Shape\Button.cpp(36,102): warning C4244: 'argument': conversion from 'float' to 'sf::Uint8', possible loss of data
D:\Projet cours\Visual Studio\hae_gp2\Shape\Button.cpp(36,75): warning C4244: 'argument': conversion from 'float' to 'sf::Uint8', possible loss of data
D:\Projet cours\Visual Studio\hae_gp2\Shape\Button.cpp(36,48): warning C4244: 'argument': conversion from 'float' to 'sf::Uint8', possible loss of data
D:\Projet cours\Visual Studio\hae_gp2\Shape\Button.cpp(40,89): warning C4244: 'argument': conversion from 'float' to 'sf::Uint8', possible loss of data
D:\Projet cours\Visual Studio\hae_gp2\Shape\Button.cpp(40,66): warning C4244: 'argument': conversion from 'float' to 'sf::Uint8', possible loss of data
D:\Projet cours\Visual Studio\hae_gp2\Shape\Button.cpp(40,43): warning C4244: 'argument': conversion from 'float' to 'sf::Uint8', possible loss of data
D:\Projet cours\Visual Studio\hae_gp2\Shape\Button.cpp(54,24): warning C4244: 'argument': conversion from 'float' to 'unsigned int', possible loss of data
  Main.cpp
D:\Projet cours\Visual Studio\hae_gp2\Shape\Lib.hpp(276,8): warning C4244: 'argument': conversion from 'float' to 'sf::Uint8', possible loss of data
D:\Projet cours\Visual Studio\hae_gp2\Shape\Lib.hpp(275,8): warning C4244: 'argument': conversion from 'float' to 'sf::Uint8', possible loss of data
D:\Projet cours\Visual Studio\hae_gp2\Shape\Lib.hpp(274,8): warning C4244: 'argument': conversion from 'float' to 'sf::Uint8', possible loss of data
D:\Projet cours\Visual Studio\hae_gp2\Shape\Lib.hpp(273,8): warning C4244: 'argument': conversion from 'float' to 'sf::Uint8', possible loss of data
D:\Projet cours\Visual Studio\hae_gp2\Shape\Button.hpp(41,25): warning C4244: 'argument': conversion from 'float' to 'unsigned int', possible loss of data
D:\Projet cours\Visual Studio\hae_gp2\Shape\Particle.hpp(26,61): warning C4244: 'argument': conversion from 'double' to 'T', possible loss of data
          with
          [
              T=float
          ]
D:\Projet cours\Visual Studio\hae_gp2\Shape\Particle.hpp(26,34): warning C4244: 'argument': conversion from 'double' to 'T', possible loss of data
          with
          [
              T=float
          ]
D:\Projet cours\Visual Studio\hae_gp2\Shape\Enemy.hpp(39,31): warning C4244: 'argument': conversion from 'double' to 'float', possible loss of data
D:\Projet cours\Visual Studio\hae_gp2\Shape\Enemy.hpp(43,54): warning C4244: 'argument': conversion from 'float' to 'sf::Uint8', possible loss of data
D:\Projet cours\Visual Studio\hae_gp2\Shape\Enemy.hpp(43,46): warning C4244: 'argument': conversion from 'float' to 'sf::Uint8', possible loss of data
D:\Projet cours\Visual Studio\hae_gp2\Shape\Enemy.hpp(43,40): warning C4244: 'argument': conversion from 'float' to 'sf::Uint8', possible loss of data
D:\Projet cours\Visual Studio\hae_gp2\Shape\Enemy.hpp(43,32): warning C4244: 'argument': conversion from 'float' to 'sf::Uint8', possible loss of data
D:\Projet cours\Visual Studio\hae_gp2\Shape\Main.cpp(42,59): warning C4244: 'argument': conversion from 'const float' to 'unsigned int', possible loss of data
D:\Projet cours\Visual Studio\hae_gp2\Shape\Main.cpp(42,46): warning C4244: 'argument': conversion from 'const float' to 'unsigned int', possible loss of data
D:\Projet cours\Visual Studio\hae_gp2\Shape\Main.cpp(98,39): warning C4244: 'argument': conversion from 'float' to 'sf::Uint8', possible loss of data
  Enemy.cpp
D:\Projet cours\Visual Studio\hae_gp2\Shape\Lib.hpp(276,8): warning C4244: 'argument': conversion from 'float' to 'sf::Uint8', possible loss of data
D:\Projet cours\Visual Studio\hae_gp2\Shape\Lib.hpp(275,8): warning C4244: 'argument': conversion from 'float' to 'sf::Uint8', possible loss of data
D:\Projet cours\Visual Studio\hae_gp2\Shape\Lib.hpp(274,8): warning C4244: 'argument': conversion from 'float' to 'sf::Uint8', possible loss of data
D:\Projet cours\Visual Studio\hae_gp2\Shape\Lib.hpp(273,8): warning C4244: 'argument': conversion from 'float' to 'sf::Uint8', possible loss of data
D:\Projet cours\Visual Studio\hae_gp2\Shape\Button.hpp(41,25): warning C4244: 'argument': conversion from 'float' to 'unsigned int', possible loss of data
D:\Projet cours\Visual Studio\hae_gp2\Shape\Particle.hpp(26,61): warning C4244: 'argument': conversion from 'double' to 'T', possible loss of data
          with
          [
              T=float
          ]
D:\Projet cours\Visual Studio\hae_gp2\Shape\Particle.hpp(26,34): warning C4244: 'argument': conversion from 'double' to 'T', possible loss of data
          with
          [
              T=float
          ]
D:\Projet cours\Visual Studio\hae_gp2\Shape\Enemy.hpp(39,31): warning C4244: 'argument': conversion from 'double' to 'float', possible loss of data
D:\Projet cours\Visual Studio\hae_gp2\Shape\Enemy.hpp(43,54): warning C4244: 'argument': conversion from 'float' to 'sf::Uint8', possible loss of data
D:\Projet cours\Visual Studio\hae_gp2\Shape\Enemy.hpp(43,46): warning C4244: 'argument': conversion from 'float' to 'sf::Uint8', possible loss of data
D:\Projet cours\Visual Studio\hae_gp2\Shape\Enemy.hpp(43,40): warning C4244: 'argument': conversion from 'float' to 'sf::Uint8', possible loss of data
D:\Projet cours\Visual Studio\hae_gp2\Shape\Enemy.hpp(43,32): warning C4244: 'argument': conversion from 'float' to 'sf::Uint8', possible loss of data
D:\Projet cours\Visual Studio\hae_gp2\Shape\Enemy.cpp(14,22): warning C4305: '-=': truncation from 'double' to 'float'
D:\Projet cours\Visual Studio\hae_gp2\Shape\Enemy.cpp(22,36): warning C4244: 'argument': conversion from 'float' to 'sf::Uint8', possible loss of data
D:\Projet cours\Visual Studio\hae_gp2\Shape\Enemy.cpp(22,28): warning C4244: 'argument': conversion from 'float' to 'sf::Uint8', possible loss of data
D:\Projet cours\Visual Studio\hae_gp2\Shape\Enemy.cpp(22,22): warning C4244: 'argument': conversion from 'float' to 'sf::Uint8', possible loss of data
D:\Projet cours\Visual Studio\hae_gp2\Shape\Enemy.cpp(22,14): warning C4244: 'argument': conversion from 'float' to 'sf::Uint8', possible loss of data
D:\Projet cours\Visual Studio\hae_gp2\Shape\Enemy.cpp(32,84): warning C4244: 'argument': conversion from 'float' to 'sf::Uint8', possible loss of data
D:\Projet cours\Visual Studio\hae_gp2\Shape\Enemy.cpp(32,76): warning C4244: 'argument': conversion from 'float' to 'sf::Uint8', possible loss of data
D:\Projet cours\Visual Studio\hae_gp2\Shape\Enemy.cpp(32,70): warning C4244: 'argument': conversion from 'float' to 'sf::Uint8', possible loss of data
D:\Projet cours\Visual Studio\hae_gp2\Shape\Enemy.cpp(32,62): warning C4244: 'argument': conversion from 'float' to 'sf::Uint8', possible loss of data
  EnemySpawner.cpp
D:\Projet cours\Visual Studio\hae_gp2\Shape\Lib.hpp(276,8): warning C4244: 'argument': conversion from 'float' to 'sf::Uint8', possible loss of data
D:\Projet cours\Visual Studio\hae_gp2\Shape\Lib.hpp(275,8): warning C4244: 'argument': conversion from 'float' to 'sf::Uint8', possible loss of data
D:\Projet cours\Visual Studio\hae_gp2\Shape\Lib.hpp(274,8): warning C4244: 'argument': conversion from 'float' to 'sf::Uint8', possible loss of data
D:\Projet cours\Visual Studio\hae_gp2\Shape\Lib.hpp(273,8): warning C4244: 'argument': conversion from 'float' to 'sf::Uint8', possible loss of data
D:\Projet cours\Visual Studio\hae_gp2\Shape\Button.hpp(41,25): warning C4244: 'argument': conversion from 'float' to 'unsigned int', possible loss of data
D:\Projet cours\Visual Studio\hae_gp2\Shape\Particle.hpp(26,61): warning C4244: 'argument': conversion from 'double' to 'T', possible loss of data
          with
          [
              T=float
          ]
D:\Projet cours\Visual Studio\hae_gp2\Shape\Particle.hpp(26,34): warning C4244: 'argument': conversion from 'double' to 'T', possible loss of data
          with
          [
              T=float
          ]
D:\Projet cours\Visual Studio\hae_gp2\Shape\Enemy.hpp(39,31): warning C4244: 'argument': conversion from 'double' to 'float', possible loss of data
D:\Projet cours\Visual Studio\hae_gp2\Shape\Enemy.hpp(43,54): warning C4244: 'argument': conversion from 'float' to 'sf::Uint8', possible loss of data
D:\Projet cours\Visual Studio\hae_gp2\Shape\Enemy.hpp(43,46): warning C4244: 'argument': conversion from 'float' to 'sf::Uint8', possible loss of data
D:\Projet cours\Visual Studio\hae_gp2\Shape\Enemy.hpp(43,40): warning C4244: 'argument': conversion from 'float' to 'sf::Uint8', possible loss of data
D:\Projet cours\Visual Studio\hae_gp2\Shape\Enemy.hpp(43,32): warning C4244: 'argument': conversion from 'float' to 'sf::Uint8', possible loss of data
D:\Projet cours\Visual Studio\hae_gp2\Shape\EnemySpawner.cpp(36,26): warning C4244: '=': conversion from 'double' to 'int', possible loss of data
D:\Projet cours\Visual Studio\hae_gp2\Shape\EnemySpawner.cpp(91,18): warning C4305: '+=': truncation from 'double' to 'float'
  Entities.cpp
D:\Projet cours\Visual Studio\hae_gp2\Shape\Lib.hpp(276,8): warning C4244: 'argument': conversion from 'float' to 'sf::Uint8', possible loss of data
D:\Projet cours\Visual Studio\hae_gp2\Shape\Lib.hpp(275,8): warning C4244: 'argument': conversion from 'float' to 'sf::Uint8', possible loss of data
D:\Projet cours\Visual Studio\hae_gp2\Shape\Lib.hpp(274,8): warning C4244: 'argument': conversion from 'float' to 'sf::Uint8', possible loss of data
D:\Projet cours\Visual Studio\hae_gp2\Shape\Lib.hpp(273,8): warning C4244: 'argument': conversion from 'float' to 'sf::Uint8', possible loss of data
D:\Projet cours\Visual Studio\hae_gp2\Shape\Button.hpp(41,25): warning C4244: 'argument': conversion from 'float' to 'unsigned int', possible loss of data
D:\Projet cours\Visual Studio\hae_gp2\Shape\Particle.hpp(26,61): warning C4244: 'argument': conversion from 'double' to 'T', possible loss of data
          with
          [
              T=float
          ]
D:\Projet cours\Visual Studio\hae_gp2\Shape\Particle.hpp(26,34): warning C4244: 'argument': conversion from 'double' to 'T', possible loss of data
          with
          [
              T=float
          ]
D:\Projet cours\Visual Studio\hae_gp2\Shape\Enemy.hpp(39,31): warning C4244: 'argument': conversion from 'double' to 'float', possible loss of data
D:\Projet cours\Visual Studio\hae_gp2\Shape\Enemy.hpp(43,54): warning C4244: 'argument': conversion from 'float' to 'sf::Uint8', possible loss of data
D:\Projet cours\Visual Studio\hae_gp2\Shape\Enemy.hpp(43,46): warning C4244: 'argument': conversion from 'float' to 'sf::Uint8', possible loss of data
D:\Projet cours\Visual Studio\hae_gp2\Shape\Enemy.hpp(43,40): warning C4244: 'argument': conversion from 'float' to 'sf::Uint8', possible loss of data
D:\Projet cours\Visual Studio\hae_gp2\Shape\Enemy.hpp(43,32): warning C4244: 'argument': conversion from 'float' to 'sf::Uint8', possible loss of data
D:\Projet cours\Visual Studio\hae_gp2\Shape\Entities.cpp(19,19): warning C4244: '=': conversion from 'float' to 'int', possible loss of data
D:\Projet cours\Visual Studio\hae_gp2\Shape\Entities.cpp(20,19): warning C4244: '=': conversion from 'float' to 'int', possible loss of data
D:\Projet cours\Visual Studio\hae_gp2\Shape\Entities.cpp(25,23): warning C4244: '=': conversion from 'int' to 'float', possible loss of data
D:\Projet cours\Visual Studio\hae_gp2\Shape\Entities.cpp(26,23): warning C4244: '=': conversion from 'int' to 'float', possible loss of data
D:\Projet cours\Visual Studio\hae_gp2\Shape\Entities.cpp(62,23): warning C4244: '=': conversion from 'int' to 'float', possible loss of data
D:\Projet cours\Visual Studio\hae_gp2\Shape\Entities.cpp(63,23): warning C4244: '=': conversion from 'int' to 'float', possible loss of data
  Fragment.cpp
D:\Projet cours\Visual Studio\hae_gp2\Shape\Lib.hpp(276,8): warning C4244: 'argument': conversion from 'float' to 'sf::Uint8', possible loss of data
D:\Projet cours\Visual Studio\hae_gp2\Shape\Lib.hpp(275,8): warning C4244: 'argument': conversion from 'float' to 'sf::Uint8', possible loss of data
D:\Projet cours\Visual Studio\hae_gp2\Shape\Lib.hpp(274,8): warning C4244: 'argument': conversion from 'float' to 'sf::Uint8', possible loss of data
D:\Projet cours\Visual Studio\hae_gp2\Shape\Lib.hpp(273,8): warning C4244: 'argument': conversion from 'float' to 'sf::Uint8', possible loss of data
D:\Projet cours\Visual Studio\hae_gp2\Shape\Button.hpp(41,25): warning C4244: 'argument': conversion from 'float' to 'unsigned int', possible loss of data
D:\Projet cours\Visual Studio\hae_gp2\Shape\Particle.hpp(26,61): warning C4244: 'argument': conversion from 'double' to 'T', possible loss of data
          with
          [
              T=float
          ]
D:\Projet cours\Visual Studio\hae_gp2\Shape\Particle.hpp(26,34): warning C4244: 'argument': conversion from 'double' to 'T', possible loss of data
          with
          [
              T=float
          ]
D:\Projet cours\Visual Studio\hae_gp2\Shape\Enemy.hpp(39,31): warning C4244: 'argument': conversion from 'double' to 'float', possible loss of data
D:\Projet cours\Visual Studio\hae_gp2\Shape\Enemy.hpp(43,54): warning C4244: 'argument': conversion from 'float' to 'sf::Uint8', possible loss of data
D:\Projet cours\Visual Studio\hae_gp2\Shape\Enemy.hpp(43,46): warning C4244: 'argument': conversion from 'float' to 'sf::Uint8', possible loss of data
D:\Projet cours\Visual Studio\hae_gp2\Shape\Enemy.hpp(43,40): warning C4244: 'argument': conversion from 'float' to 'sf::Uint8', possible loss of data
D:\Projet cours\Visual Studio\hae_gp2\Shape\Enemy.hpp(43,32): warning C4244: 'argument': conversion from 'float' to 'sf::Uint8', possible loss of data
D:\Projet cours\Visual Studio\hae_gp2\Shape\Fragment.cpp(4,18): warning C4305: '-=': truncation from 'double' to 'float'
  HotReloadShader.cpp
D:\Projet cours\Visual Studio\hae_gp2\Shape\Lib.hpp(276,8): warning C4244: 'argument': conversion from 'float' to 'sf::Uint8', possible loss of data
D:\Projet cours\Visual Studio\hae_gp2\Shape\Lib.hpp(275,8): warning C4244: 'argument': conversion from 'float' to 'sf::Uint8', possible loss of data
D:\Projet cours\Visual Studio\hae_gp2\Shape\Lib.hpp(274,8): warning C4244: 'argument': conversion from 'float' to 'sf::Uint8', possible loss of data
D:\Projet cours\Visual Studio\hae_gp2\Shape\Lib.hpp(273,8): warning C4244: 'argument': conversion from 'float' to 'sf::Uint8', possible loss of data
D:\Projet cours\Visual Studio\hae_gp2\Shape\HotReloadShader.cpp(82,12): warning C4244: '+=': conversion from 'double' to 'float', possible loss of data
  Lib.cpp
D:\Projet cours\Visual Studio\hae_gp2\Shape\Lib.hpp(276,8): warning C4244: 'argument': conversion from 'float' to 'sf::Uint8', possible loss of data
D:\Projet cours\Visual Studio\hae_gp2\Shape\Lib.hpp(275,8): warning C4244: 'argument': conversion from 'float' to 'sf::Uint8', possible loss of data
D:\Projet cours\Visual Studio\hae_gp2\Shape\Lib.hpp(274,8): warning C4244: 'argument': conversion from 'float' to 'sf::Uint8', possible loss of data
D:\Projet cours\Visual Studio\hae_gp2\Shape\Lib.hpp(273,8): warning C4244: 'argument': conversion from 'float' to 'sf::Uint8', possible loss of data
  imgui-SFML.cpp
D:\Projet cours\Visual Studio\hae_gp2\Shape\libs\imgui-sfml\imgui-SFML.cpp(559,65): warning C4244: 'argument': conversion from 'const unsigned int' to 'float', possible loss of data
D:\Projet cours\Visual Studio\hae_gp2\Shape\libs\imgui-sfml\imgui-SFML.cpp(559,47): warning C4244: 'argument': conversion from 'const unsigned int' to 'float', possible loss of data
D:\Projet cours\Visual Studio\hae_gp2\Shape\libs\imgui-sfml\imgui-SFML.cpp(562,67): warning C4244: 'argument': conversion from 'const int' to 'float', possible loss of data
D:\Projet cours\Visual Studio\hae_gp2\Shape\libs\imgui-sfml\imgui-SFML.cpp(562,48): warning C4244: 'argument': conversion from 'const int' to 'float', possible loss of data
  imgui.cpp
  imgui_demo.cpp
  imgui_draw.cpp
  imgui_tables.cpp
  imgui_widgets.cpp
  Particle.cpp
D:\Projet cours\Visual Studio\hae_gp2\Shape\Lib.hpp(276,8): warning C4244: 'argument': conversion from 'float' to 'sf::Uint8', possible loss of data
D:\Projet cours\Visual Studio\hae_gp2\Shape\Lib.hpp(275,8): warning C4244: 'argument': conversion from 'float' to 'sf::Uint8', possible loss of data
D:\Projet cours\Visual Studio\hae_gp2\Shape\Lib.hpp(274,8): warning C4244: 'argument': conversion from 'float' to 'sf::Uint8', possible loss of data
D:\Projet cours\Visual Studio\hae_gp2\Shape\Lib.hpp(273,8): warning C4244: 'argument': conversion from 'float' to 'sf::Uint8', possible loss of data
D:\Projet cours\Visual Studio\hae_gp2\Shape\Button.hpp(41,25): warning C4244: 'argument': conversion from 'float' to 'unsigned int', possible loss of data
D:\Projet cours\Visual Studio\hae_gp2\Shape\Enemy.hpp(39,31): warning C4244: 'argument': conversion from 'double' to 'float', possible loss of data
D:\Projet cours\Visual Studio\hae_gp2\Shape\Enemy.hpp(43,54): warning C4244: 'argument': conversion from 'float' to 'sf::Uint8', possible loss of data
D:\Projet cours\Visual Studio\hae_gp2\Shape\Enemy.hpp(43,46): warning C4244: 'argument': conversion from 'float' to 'sf::Uint8', possible loss of data
D:\Projet cours\Visual Studio\hae_gp2\Shape\Enemy.hpp(43,40): warning C4244: 'argument': conversion from 'float' to 'sf::Uint8', possible loss of data
D:\Projet cours\Visual Studio\hae_gp2\Shape\Enemy.hpp(43,32): warning C4244: 'argument': conversion from 'float' to 'sf::Uint8', possible loss of data
D:\Projet cours\Visual Studio\hae_gp2\Shape\Particle.hpp(26,61): warning C4244: 'argument': conversion from 'double' to 'T', possible loss of data
          with
          [
              T=float
          ]
D:\Projet cours\Visual Studio\hae_gp2\Shape\Particle.hpp(26,34): warning C4244: 'argument': conversion from 'double' to 'T', possible loss of data
          with
          [
              T=float
          ]
D:\Projet cours\Visual Studio\hae_gp2\Shape\Particle.cpp(5,35): warning C4244: '+=': conversion from 'double' to 'float', possible loss of data
  Player.cpp
D:\Projet cours\Visual Studio\hae_gp2\Shape\Lib.hpp(276,8): warning C4244: 'argument': conversion from 'float' to 'sf::Uint8', possible loss of data
D:\Projet cours\Visual Studio\hae_gp2\Shape\Lib.hpp(275,8): warning C4244: 'argument': conversion from 'float' to 'sf::Uint8', possible loss of data
D:\Projet cours\Visual Studio\hae_gp2\Shape\Lib.hpp(274,8): warning C4244: 'argument': conversion from 'float' to 'sf::Uint8', possible loss of data
D:\Projet cours\Visual Studio\hae_gp2\Shape\Lib.hpp(273,8): warning C4244: 'argument': conversion from 'float' to 'sf::Uint8', possible loss of data
D:\Projet cours\Visual Studio\hae_gp2\Shape\Button.hpp(41,25): warning C4244: 'argument': conversion from 'float' to 'unsigned int', possible loss of data
D:\Projet cours\Visual Studio\hae_gp2\Shape\Particle.hpp(26,61): warning C4244: 'argument': conversion from 'double' to 'T', possible loss of data
          with
          [
              T=float
          ]
D:\Projet cours\Visual Studio\hae_gp2\Shape\Particle.hpp(26,34): warning C4244: 'argument': conversion from 'double' to 'T', possible loss of data
          with
          [
              T=float
          ]
D:\Projet cours\Visual Studio\hae_gp2\Shape\Enemy.hpp(39,31): warning C4244: 'argument': conversion from 'double' to 'float', possible loss of data
D:\Projet cours\Visual Studio\hae_gp2\Shape\Enemy.hpp(43,54): warning C4244: 'argument': conversion from 'float' to 'sf::Uint8', possible loss of data
D:\Projet cours\Visual Studio\hae_gp2\Shape\Enemy.hpp(43,46): warning C4244: 'argument': conversion from 'float' to 'sf::Uint8', possible loss of data
D:\Projet cours\Visual Studio\hae_gp2\Shape\Enemy.hpp(43,40): warning C4244: 'argument': conversion from 'float' to 'sf::Uint8', possible loss of data
D:\Projet cours\Visual Studio\hae_gp2\Shape\Enemy.hpp(43,32): warning C4244: 'argument': conversion from 'float' to 'sf::Uint8', possible loss of data
D:\Projet cours\Visual Studio\hae_gp2\Shape\Player.cpp(15,45): warning C4305: 'argument': truncation from 'double' to 'float'
D:\Projet cours\Visual Studio\hae_gp2\Shape\Player.cpp(56,106): warning C4244: 'argument': conversion from 'float' to 'sf::Uint8', possible loss of data
D:\Projet cours\Visual Studio\hae_gp2\Shape\Player.cpp(56,80): warning C4244: 'argument': conversion from 'float' to 'sf::Uint8', possible loss of data
D:\Projet cours\Visual Studio\hae_gp2\Shape\Player.cpp(56,54): warning C4244: 'argument': conversion from 'float' to 'sf::Uint8', possible loss of data
D:\Projet cours\Visual Studio\hae_gp2\Shape\Player.cpp(59,10): warning C4804: '-': unsafe use of type 'bool' in operation
D:\Projet cours\Visual Studio\hae_gp2\Shape\Player.cpp(59,60): warning C4804: '-': unsafe use of type 'bool' in operation
D:\Projet cours\Visual Studio\hae_gp2\Shape\Player.cpp(61,10): warning C4804: '-': unsafe use of type 'bool' in operation
D:\Projet cours\Visual Studio\hae_gp2\Shape\Player.cpp(61,58): warning C4804: '-': unsafe use of type 'bool' in operation
D:\Projet cours\Visual Studio\hae_gp2\Shape\Player.cpp(68,22): warning C4244: 'argument': conversion from 'int' to 'T', possible loss of data
          with
          [
              T=float
          ]
D:\Projet cours\Visual Studio\hae_gp2\Shape\Player.cpp(68,19): warning C4244: 'argument': conversion from 'int' to 'T', possible loss of data
          with
          [
              T=float
          ]
D:\Projet cours\Visual Studio\hae_gp2\Shape\Player.cpp(80,17): warning C4305: '*=': truncation from 'double' to 'float'
D:\Projet cours\Visual Studio\hae_gp2\Shape\Player.cpp(81,17): warning C4305: '*=': truncation from 'double' to 'float'
D:\Projet cours\Visual Studio\hae_gp2\Shape\Player.cpp(122,7): warning C4244: '=': conversion from 'float' to 'int', possible loss of data
D:\Projet cours\Visual Studio\hae_gp2\Shape\Player.cpp(126,7): warning C4244: '=': conversion from 'float' to 'int', possible loss of data
D:\Projet cours\Visual Studio\hae_gp2\Shape\Player.cpp(141,37): warning C4244: 'argument': conversion from 'double' to 'float', possible loss of data
D:\Projet cours\Visual Studio\hae_gp2\Shape\Player.cpp(145,23): warning C4305: '-=': truncation from 'double' to 'float'
D:\Projet cours\Visual Studio\hae_gp2\Shape\Player.cpp(164,23): warning C4305: '-=': truncation from 'double' to 'float'
D:\Projet cours\Visual Studio\hae_gp2\Shape\Player.cpp(176,85): warning C4244: 'argument': conversion from 'float' to 'sf::Uint8', possible loss of data
D:\Projet cours\Visual Studio\hae_gp2\Shape\Player.cpp(176,59): warning C4244: 'argument': conversion from 'float' to 'sf::Uint8', possible loss of data
D:\Projet cours\Visual Studio\hae_gp2\Shape\Player.cpp(176,33): warning C4244: 'argument': conversion from 'float' to 'sf::Uint8', possible loss of data
D:\Projet cours\Visual Studio\hae_gp2\Shape\Player.cpp(186,84): warning C4244: 'argument': conversion from 'float' to 'sf::Uint8', possible loss of data
D:\Projet cours\Visual Studio\hae_gp2\Shape\Player.cpp(186,58): warning C4244: 'argument': conversion from 'float' to 'sf::Uint8', possible loss of data
D:\Projet cours\Visual Studio\hae_gp2\Shape\Player.cpp(186,32): warning C4244: 'argument': conversion from 'float' to 'sf::Uint8', possible loss of data
D:\Projet cours\Visual Studio\hae_gp2\Shape\Player.cpp(193,84): warning C4244: 'argument': conversion from 'float' to 'sf::Uint8', possible loss of data
D:\Projet cours\Visual Studio\hae_gp2\Shape\Player.cpp(193,58): warning C4244: 'argument': conversion from 'float' to 'sf::Uint8', possible loss of data
D:\Projet cours\Visual Studio\hae_gp2\Shape\Player.cpp(193,32): warning C4244: 'argument': conversion from 'float' to 'sf::Uint8', possible loss of data
D:\Projet cours\Visual Studio\hae_gp2\Shape\Player.cpp(204,33): warning C4244: 'argument': conversion from 'double' to 'float', possible loss of data
D:\Projet cours\Visual Studio\hae_gp2\Shape\Player.cpp(205,85): warning C4244: 'argument': conversion from 'float' to 'sf::Uint8', possible loss of data
D:\Projet cours\Visual Studio\hae_gp2\Shape\Player.cpp(205,59): warning C4244: 'argument': conversion from 'float' to 'sf::Uint8', possible loss of data
D:\Projet cours\Visual Studio\hae_gp2\Shape\Player.cpp(205,33): warning C4244: 'argument': conversion from 'float' to 'sf::Uint8', possible loss of data
D:\Projet cours\Visual Studio\hae_gp2\Shape\Player.cpp(325,97): warning C4244: 'argument': conversion from 'float' to 'sf::Uint8', possible loss of data
D:\Projet cours\Visual Studio\hae_gp2\Shape\Player.cpp(325,74): warning C4244: 'argument': conversion from 'float' to 'sf::Uint8', possible loss of data
D:\Projet cours\Visual Studio\hae_gp2\Shape\Player.cpp(325,51): warning C4244: 'argument': conversion from 'float' to 'sf::Uint8', possible loss of data
  Projectile.cpp
D:\Projet cours\Visual Studio\hae_gp2\Shape\Lib.hpp(276,8): warning C4244: 'argument': conversion from 'float' to 'sf::Uint8', possible loss of data
D:\Projet cours\Visual Studio\hae_gp2\Shape\Lib.hpp(275,8): warning C4244: 'argument': conversion from 'float' to 'sf::Uint8', possible loss of data
D:\Projet cours\Visual Studio\hae_gp2\Shape\Lib.hpp(274,8): warning C4244: 'argument': conversion from 'float' to 'sf::Uint8', possible loss of data
D:\Projet cours\Visual Studio\hae_gp2\Shape\Lib.hpp(273,8): warning C4244: 'argument': conversion from 'float' to 'sf::Uint8', possible loss of data
D:\Projet cours\Visual Studio\hae_gp2\Shape\Button.hpp(41,25): warning C4244: 'argument': conversion from 'float' to 'unsigned int', possible loss of data
D:\Projet cours\Visual Studio\hae_gp2\Shape\Particle.hpp(26,61): warning C4244: 'argument': conversion from 'double' to 'T', possible loss of data
          with
          [
              T=float
          ]
D:\Projet cours\Visual Studio\hae_gp2\Shape\Particle.hpp(26,34): warning C4244: 'argument': conversion from 'double' to 'T', possible loss of data
          with
          [
              T=float
          ]
D:\Projet cours\Visual Studio\hae_gp2\Shape\Enemy.hpp(39,31): warning C4244: 'argument': conversion from 'double' to 'float', possible loss of data
D:\Projet cours\Visual Studio\hae_gp2\Shape\Enemy.hpp(43,54): warning C4244: 'argument': conversion from 'float' to 'sf::Uint8', possible loss of data
D:\Projet cours\Visual Studio\hae_gp2\Shape\Enemy.hpp(43,46): warning C4244: 'argument': conversion from 'float' to 'sf::Uint8', possible loss of data
D:\Projet cours\Visual Studio\hae_gp2\Shape\Enemy.hpp(43,40): warning C4244: 'argument': conversion from 'float' to 'sf::Uint8', possible loss of data
D:\Projet cours\Visual Studio\hae_gp2\Shape\Enemy.hpp(43,32): warning C4244: 'argument': conversion from 'float' to 'sf::Uint8', possible loss of data
  Data.cpp
D:\Projet cours\Visual Studio\hae_gp2\Shape\Lib.hpp(276,8): warning C4244: 'argument': conversion from 'float' to 'sf::Uint8', possible loss of data
D:\Projet cours\Visual Studio\hae_gp2\Shape\Lib.hpp(275,8): warning C4244: 'argument': conversion from 'float' to 'sf::Uint8', possible loss of data
D:\Projet cours\Visual Studio\hae_gp2\Shape\Lib.hpp(274,8): warning C4244: 'argument': conversion from 'float' to 'sf::Uint8', possible loss of data
D:\Projet cours\Visual Studio\hae_gp2\Shape\Lib.hpp(273,8): warning C4244: 'argument': conversion from 'float' to 'sf::Uint8', possible loss of data
D:\Projet cours\Visual Studio\hae_gp2\Shape\Button.hpp(41,25): warning C4244: 'argument': conversion from 'float' to 'unsigned int', possible loss of data
D:\Projet cours\Visual Studio\hae_gp2\Shape\Particle.hpp(26,61): warning C4244: 'argument': conversion from 'double' to 'T', possible loss of data
          with
          [
              T=float
          ]
D:\Projet cours\Visual Studio\hae_gp2\Shape\Particle.hpp(26,34): warning C4244: 'argument': conversion from 'double' to 'T', possible loss of data
          with
          [
              T=float
          ]
D:\Projet cours\Visual Studio\hae_gp2\Shape\Enemy.hpp(39,31): warning C4244: 'argument': conversion from 'double' to 'float', possible loss of data
D:\Projet cours\Visual Studio\hae_gp2\Shape\Enemy.hpp(43,54): warning C4244: 'argument': conversion from 'float' to 'sf::Uint8', possible loss of data
D:\Projet cours\Visual Studio\hae_gp2\Shape\Enemy.hpp(43,46): warning C4244: 'argument': conversion from 'float' to 'sf::Uint8', possible loss of data
D:\Projet cours\Visual Studio\hae_gp2\Shape\Enemy.hpp(43,40): warning C4244: 'argument': conversion from 'float' to 'sf::Uint8', possible loss of data
D:\Projet cours\Visual Studio\hae_gp2\Shape\Enemy.hpp(43,32): warning C4244: 'argument': conversion from 'float' to 'sf::Uint8', possible loss of data
  Compiling...
  SoundManager.cpp
D:\Projet cours\Visual Studio\hae_gp2\Shape\Lib.hpp(276,8): warning C4244: 'argument': conversion from 'float' to 'sf::Uint8', possible loss of data
D:\Projet cours\Visual Studio\hae_gp2\Shape\Lib.hpp(275,8): warning C4244: 'argument': conversion from 'float' to 'sf::Uint8', possible loss of data
D:\Projet cours\Visual Studio\hae_gp2\Shape\Lib.hpp(274,8): warning C4244: 'argument': conversion from 'float' to 'sf::Uint8', possible loss of data
D:\Projet cours\Visual Studio\hae_gp2\Shape\Lib.hpp(273,8): warning C4244: 'argument': conversion from 'float' to 'sf::Uint8', possible loss of data
D:\Projet cours\Visual Studio\hae_gp2\Shape\Button.hpp(41,25): warning C4244: 'argument': conversion from 'float' to 'unsigned int', possible loss of data
D:\Projet cours\Visual Studio\hae_gp2\Shape\Particle.hpp(26,61): warning C4244: 'argument': conversion from 'double' to 'T', possible loss of data
          with
          [
              T=float
          ]
D:\Projet cours\Visual Studio\hae_gp2\Shape\Particle.hpp(26,34): warning C4244: 'argument': conversion from 'double' to 'T', possible loss of data
          with
          [
              T=float
          ]
D:\Projet cours\Visual Studio\hae_gp2\Shape\Enemy.hpp(39,31): warning C4244: 'argument': conversion from 'double' to 'float', possible loss of data
D:\Projet cours\Visual Studio\hae_gp2\Shape\Enemy.hpp(43,54): warning C4244: 'argument': conversion from 'float' to 'sf::Uint8', possible loss of data
D:\Projet cours\Visual Studio\hae_gp2\Shape\Enemy.hpp(43,46): warning C4244: 'argument': conversion from 'float' to 'sf::Uint8', possible loss of data
D:\Projet cours\Visual Studio\hae_gp2\Shape\Enemy.hpp(43,40): warning C4244: 'argument': conversion from 'float' to 'sf::Uint8', possible loss of data
D:\Projet cours\Visual Studio\hae_gp2\Shape\Enemy.hpp(43,32): warning C4244: 'argument': conversion from 'float' to 'sf::Uint8', possible loss of data
  UI.cpp
D:\Projet cours\Visual Studio\hae_gp2\Shape\Lib.hpp(276,8): warning C4244: 'argument': conversion from 'float' to 'sf::Uint8', possible loss of data
D:\Projet cours\Visual Studio\hae_gp2\Shape\Lib.hpp(275,8): warning C4244: 'argument': conversion from 'float' to 'sf::Uint8', possible loss of data
D:\Projet cours\Visual Studio\hae_gp2\Shape\Lib.hpp(274,8): warning C4244: 'argument': conversion from 'float' to 'sf::Uint8', possible loss of data
D:\Projet cours\Visual Studio\hae_gp2\Shape\Lib.hpp(273,8): warning C4244: 'argument': conversion from 'float' to 'sf::Uint8', possible loss of data
D:\Projet cours\Visual Studio\hae_gp2\Shape\Button.hpp(41,25): warning C4244: 'argument': conversion from 'float' to 'unsigned int', possible loss of data
D:\Projet cours\Visual Studio\hae_gp2\Shape\Particle.hpp(26,61): warning C4244: 'argument': conversion from 'double' to 'T', possible loss of data
          with
          [
              T=float
          ]
D:\Projet cours\Visual Studio\hae_gp2\Shape\Particle.hpp(26,34): warning C4244: 'argument': conversion from 'double' to 'T', possible loss of data
          with
          [
              T=float
          ]
D:\Projet cours\Visual Studio\hae_gp2\Shape\Enemy.hpp(39,31): warning C4244: 'argument': conversion from 'double' to 'float', possible loss of data
D:\Projet cours\Visual Studio\hae_gp2\Shape\Enemy.hpp(43,54): warning C4244: 'argument': conversion from 'float' to 'sf::Uint8', possible loss of data
D:\Projet cours\Visual Studio\hae_gp2\Shape\Enemy.hpp(43,46): warning C4244: 'argument': conversion from 'float' to 'sf::Uint8', possible loss of data
D:\Projet cours\Visual Studio\hae_gp2\Shape\Enemy.hpp(43,40): warning C4244: 'argument': conversion from 'float' to 'sf::Uint8', possible loss of data
D:\Projet cours\Visual Studio\hae_gp2\Shape\Enemy.hpp(43,32): warning C4244: 'argument': conversion from 'float' to 'sf::Uint8', possible loss of data
  UiElement.cpp
D:\Projet cours\Visual Studio\hae_gp2\Shape\UiElement.cpp(9,19): warning C4244: '=': conversion from 'float' to 'int', possible loss of data
D:\Projet cours\Visual Studio\hae_gp2\Shape\UiElement.cpp(10,19): warning C4244: '=': conversion from 'float' to 'int', possible loss of data
D:\Projet cours\Visual Studio\hae_gp2\Shape\UiElement.cpp(15,23): warning C4244: '=': conversion from 'int' to 'float', possible loss of data
D:\Projet cours\Visual Studio\hae_gp2\Shape\UiElement.cpp(16,23): warning C4244: '=': conversion from 'int' to 'float', possible loss of data
D:\Projet cours\Visual Studio\hae_gp2\Shape\UiElement.cpp(46,23): warning C4244: '=': conversion from 'int' to 'float', possible loss of data
D:\Projet cours\Visual Studio\hae_gp2\Shape\UiElement.cpp(47,23): warning C4244: '=': conversion from 'int' to 'float', possible loss of data
  World.cpp
D:\Projet cours\Visual Studio\hae_gp2\Shape\Lib.hpp(276,8): warning C4244: 'argument': conversion from 'float' to 'sf::Uint8', possible loss of data
D:\Projet cours\Visual Studio\hae_gp2\Shape\Lib.hpp(275,8): warning C4244: 'argument': conversion from 'float' to 'sf::Uint8', possible loss of data
D:\Projet cours\Visual Studio\hae_gp2\Shape\Lib.hpp(274,8): warning C4244: 'argument': conversion from 'float' to 'sf::Uint8', possible loss of data
D:\Projet cours\Visual Studio\hae_gp2\Shape\Lib.hpp(273,8): warning C4244: 'argument': conversion from 'float' to 'sf::Uint8', possible loss of data
D:\Projet cours\Visual Studio\hae_gp2\Shape\Button.hpp(41,25): warning C4244: 'argument': conversion from 'float' to 'unsigned int', possible loss of data
D:\Projet cours\Visual Studio\hae_gp2\Shape\Particle.hpp(26,61): warning C4244: 'argument': conversion from 'double' to 'T', possible loss of data
          with
          [
              T=float
          ]
D:\Projet cours\Visual Studio\hae_gp2\Shape\Particle.hpp(26,34): warning C4244: 'argument': conversion from 'double' to 'T', possible loss of data
          with
          [
              T=float
          ]
D:\Projet cours\Visual Studio\hae_gp2\Shape\Enemy.hpp(39,31): warning C4244: 'argument': conversion from 'double' to 'float', possible loss of data
D:\Projet cours\Visual Studio\hae_gp2\Shape\Enemy.hpp(43,54): warning C4244: 'argument': conversion from 'float' to 'sf::Uint8', possible loss of data
D:\Projet cours\Visual Studio\hae_gp2\Shape\Enemy.hpp(43,46): warning C4244: 'argument': conversion from 'float' to 'sf::Uint8', possible loss of data
D:\Projet cours\Visual Studio\hae_gp2\Shape\Enemy.hpp(43,40): warning C4244: 'argument': conversion from 'float' to 'sf::Uint8', possible loss of data
D:\Projet cours\Visual Studio\hae_gp2\Shape\Enemy.hpp(43,32): warning C4244: 'argument': conversion from 'float' to 'sf::Uint8', possible loss of data
  Generating code
  Previous IPDB not found, fall back to full compilation.
  All 2755 functions were compiled because no usable IPDB/IOBJ from previous compilation was found.
  Finished generating code
  ConsoleApplication1.vcxproj -> D:\Projet cours\Visual Studio\hae_gp2\Shape\x64\Release\ConsoleApplication1.exe
