d:\projet cours\visual studio\hae_gp2\shape\x64\release\vc142.pdb
d:\projet cours\visual studio\hae_gp2\shape\x64\release\data.obj
d:\projet cours\visual studio\hae_gp2\shape\x64\release\projectile.obj
d:\projet cours\visual studio\hae_gp2\shape\x64\release\player.obj
d:\projet cours\visual studio\hae_gp2\shape\x64\release\particle.obj
d:\projet cours\visual studio\hae_gp2\shape\x64\release\imgui_widgets.obj
d:\projet cours\visual studio\hae_gp2\shape\x64\release\imgui_tables.obj
d:\projet cours\visual studio\hae_gp2\shape\x64\release\imgui_draw.obj
d:\projet cours\visual studio\hae_gp2\shape\x64\release\imgui_demo.obj
d:\projet cours\visual studio\hae_gp2\shape\x64\release\imgui.obj
d:\projet cours\visual studio\hae_gp2\shape\x64\release\imgui-sfml.obj
d:\projet cours\visual studio\hae_gp2\shape\x64\release\lib.obj
d:\projet cours\visual studio\hae_gp2\shape\x64\release\hotreloadshader.obj
d:\projet cours\visual studio\hae_gp2\shape\x64\release\fragment.obj
d:\projet cours\visual studio\hae_gp2\shape\x64\release\entities.obj
d:\projet cours\visual studio\hae_gp2\shape\x64\release\enemyspawner.obj
d:\projet cours\visual studio\hae_gp2\shape\x64\release\enemy.obj
d:\projet cours\visual studio\hae_gp2\shape\x64\release\main.obj
d:\projet cours\visual studio\hae_gp2\shape\x64\release\button.obj
d:\projet cours\visual studio\hae_gp2\shape\x64\release\bloom.obj
d:\projet cours\visual studio\hae_gp2\shape\x64\release\background.obj
d:\projet cours\visual studio\hae_gp2\shape\x64\release\world.obj
d:\projet cours\visual studio\hae_gp2\shape\x64\release\uielement.obj
d:\projet cours\visual studio\hae_gp2\shape\x64\release\ui.obj
d:\projet cours\visual studio\hae_gp2\shape\x64\release\soundmanager.obj
d:\projet cours\visual studio\hae_gp2\shape\x64\release\consoleapplication1.ipdb
d:\projet cours\visual studio\hae_gp2\shape\x64\release\consoleapplication1.iobj
d:\projet cours\visual studio\hae_gp2\shape\x64\release\consoleapplication1.exe
d:\projet cours\visual studio\hae_gp2\shape\x64\release\consoleapplication1.pdb
d:\projet cours\visual studio\hae_gp2\shape\x64\release\consolea.1c2d0dae.tlog\cl.command.1.tlog
d:\projet cours\visual studio\hae_gp2\shape\x64\release\consolea.1c2d0dae.tlog\cl.read.1.tlog
d:\projet cours\visual studio\hae_gp2\shape\x64\release\consolea.1c2d0dae.tlog\cl.write.1.tlog
d:\projet cours\visual studio\hae_gp2\shape\x64\release\consolea.1c2d0dae.tlog\consoleapplication1.write.1u.tlog
d:\projet cours\visual studio\hae_gp2\shape\x64\release\consolea.1c2d0dae.tlog\link.command.1.tlog
d:\projet cours\visual studio\hae_gp2\shape\x64\release\consolea.1c2d0dae.tlog\link.read.1.tlog
d:\projet cours\visual studio\hae_gp2\shape\x64\release\consolea.1c2d0dae.tlog\link.write.1.tlog
