  main.cpp
C:\Projet Human\hae_gp2\cours_5\Catmull.hpp(30,11): warning C4244: 'argument' : conversion de 'double' en 'T', perte possible de données
          with
          [
              T=float
          ]
C:\Projet Human\hae_gp2\cours_5\Catmull.hpp(29,11): warning C4244: 'argument' : conversion de 'double' en 'T', perte possible de données
          with
          [
              T=float
          ]
C:\Projet Human\hae_gp2\cours_5\Line.hpp(19,1): warning C4267: '=' : conversion de 'size_t' en 'int', perte possible de données
C:\Projet Human\hae_gp2\cours_5\Line.hpp(41,34): warning C4244: 'argument' : conversion de 'double' en 'const unsigned __int64', perte possible de données
C:\Projet Human\hae_gp2\cours_5\Entity.hpp(39,1): warning C4305: 'argument' : troncation de 'double' à 'float'
C:\Projet Human\hae_gp2\cours_5\Entity.hpp(40,1): warning C4305: 'argument' : troncation de 'double' à 'T'
          with
          [
              T=float
          ]
C:\Projet Human\hae_gp2\cours_5\main.cpp(15,67): warning C4244: 'argument' : conversion de 'const T' en 'unsigned int', perte possible de données
          with
          [
              T=float
          ]
C:\Projet Human\hae_gp2\cours_5\main.cpp(15,53): warning C4244: 'argument' : conversion de 'const T' en 'unsigned int', perte possible de données
          with
          [
              T=float
          ]
C:\Projet Human\hae_gp2\cours_5\main.cpp(16,58): warning C4244: 'argument' : conversion de 'double' en 'T', perte possible de données
          with
          [
              T=float
          ]
C:\Projet Human\hae_gp2\cours_5\main.cpp(16,39): warning C4244: 'argument' : conversion de 'double' en 'T', perte possible de données
          with
          [
              T=float
          ]
C:\Projet Human\hae_gp2\cours_5\main.cpp(29,18): warning C4244: 'argument' : conversion de 'int' en 'float', perte possible de données
  Génération de code en cours
  3 of 105 functions ( 2.9%) were compiled, the rest were copied from previous compilation.
    0 functions were new in current compilation
    0 functions had inline decision re-evaluated but remain unchanged
  Fin de la génération du code
  cours_0.vcxproj -> C:\Projet Human\hae_gp2\cours_5\x64\Release\cours_0.exe
