  main.cpp
C:\Projet Human\hae_gp2\cours_5\Catmull.hpp(30,11): warning C4244: 'argument' : conversion de 'double' en 'T', perte possible de données
          with
          [
              T=float
          ]
C:\Projet Human\hae_gp2\cours_5\Catmull.hpp(29,11): warning C4244: 'argument' : conversion de 'double' en 'T', perte possible de données
          with
          [
              T=float
          ]
C:\Projet Human\hae_gp2\cours_5\Line.hpp(19,1): warning C4267: '=' : conversion de 'size_t' en 'int', perte possible de données
C:\Projet Human\hae_gp2\cours_5\Line.hpp(41,34): warning C4244: 'argument' : conversion de 'double' en 'const unsigned __int64', perte possible de données
C:\Projet Human\hae_gp2\cours_5\Entity.hpp(62,66): warning C4244: 'argument' : conversion de 'int' en 'T', perte possible de données
          with
          [
              T=float
          ]
C:\Projet Human\hae_gp2\cours_5\Entity.hpp(116,35): warning C4244: 'argument' : conversion de 'double' en 'float', perte possible de données
C:\Projet Human\hae_gp2\cours_5\Entity.hpp(160,47): warning C4244: 'argument' : conversion de 'double' en 'float', perte possible de données
C:\Projet Human\hae_gp2\cours_5\Entity.hpp(164,36): warning C4244: 'argument' : conversion de 'double' en 'float', perte possible de données
C:\Projet Human\hae_gp2\cours_5\Entity.hpp(164,22): warning C4244: 'argument' : conversion de 'double' en 'float', perte possible de données
C:\Projet Human\hae_gp2\cours_5\Entity.hpp(180,10): warning C4244: 'argument' : conversion de 'float' en 'sf::Uint8', perte possible de données
C:\Projet Human\hae_gp2\cours_5\Entity.hpp(179,10): warning C4244: 'argument' : conversion de 'float' en 'sf::Uint8', perte possible de données
C:\Projet Human\hae_gp2\cours_5\Entity.hpp(178,10): warning C4244: 'argument' : conversion de 'float' en 'sf::Uint8', perte possible de données
C:\Projet Human\hae_gp2\cours_5\Entity.hpp(192,44): warning C4244: 'argument' : conversion de 'double' en 'float', perte possible de données
C:\Projet Human\hae_gp2\cours_5\Entity.hpp(223,50): warning C4244: 'argument' : conversion de 'double' en 'float', perte possible de données
C:\Projet Human\hae_gp2\cours_5\Entity.hpp(224,33): warning C4244: 'argument' : conversion de 'double' en 'float', perte possible de données
C:\Projet Human\hae_gp2\cours_5\main.cpp(19,67): warning C4244: 'argument' : conversion de 'const T' en 'unsigned int', perte possible de données
          with
          [
              T=float
          ]
C:\Projet Human\hae_gp2\cours_5\main.cpp(19,53): warning C4244: 'argument' : conversion de 'const T' en 'unsigned int', perte possible de données
          with
          [
              T=float
          ]
C:\Projet Human\hae_gp2\cours_5\main.cpp(20,58): warning C4244: 'argument' : conversion de 'double' en 'T', perte possible de données
          with
          [
              T=float
          ]
C:\Projet Human\hae_gp2\cours_5\main.cpp(20,39): warning C4244: 'argument' : conversion de 'double' en 'T', perte possible de données
          with
          [
              T=float
          ]
C:\Projet Human\hae_gp2\cours_5\main.cpp(36,40): warning C4305: 'argument' : troncation de 'double' à 'T'
          with
          [
              T=float
          ]
C:\Projet Human\hae_gp2\cours_5\main.cpp(72,22): warning C4244: 'argument' : conversion de 'int' en 'float', perte possible de données
C:\Projet Human\hae_gp2\cours_5\main.cpp(73,23): warning C4244: 'argument' : conversion de 'int' en 'float', perte possible de données
  cours_0.vcxproj -> C:\Projet Human\hae_gp2\cours_5\x64\Debug\cours_0.exe
